Start testing: Nov 25 15:58 Romance Standard Time
----------------------------------------------------------
1/1 Testing: usage_test
1/1 Test: usage_test
Command: "C:/Users/nickl/OneDrive/Dokumenter/Programmer/Week_12/assignment-12-Noxvice/build/tests/tests.exe"
Directory: C:/Users/nickl/OneDrive/Dokumenter/Programmer/Week_12/assignment-12-Noxvice/build/tests
"usage_test" start time: Nov 25 15:58 Romance Standard Time
Output:
----------------------------------------------------------
===============================================================================
All tests passed (16 assertions in 3 test cases)

<end of output>
Test time =   0.05 sec
----------------------------------------------------------
Test Passed.
"usage_test" end time: Nov 25 15:58 Romance Standard Time
"usage_test" time elapsed: 00:00:00
----------------------------------------------------------

End testing: Nov 25 15:58 Romance Standard Time
